Using pre-set license
Built from '2020.3/staging' branch; Version is '2020.3.20f1 (41c4e627c95f) revision 4310246'; Using compiler version '192528614'; Build Type 'Release'
OS: 'Windows 10 Home Single Language; OS build 19043.1288; Version 2009; 64bit' Language: 'tr' Physical Memory: 8092 MB
BatchMode: 1, IsHumanControllingUs: 0, StartBugReporterOnCrash: 0, Is64bit: 1, IsPro: 0

COMMAND LINE ARGUMENTS:
C:\Program Files\Unity\Hub\Editor\2020.3.20f1\Editor\Unity.exe
-adb2
-batchMode
-noUpm
-name
AssetImportWorker1
-projectPath
C:/Users/pesen/OneDrive/Desktop/EndlessRunnerSeries-master/EndlessRunnerYoutube
-logFile
Logs/AssetImportWorker1.log
-srvPort
61454
Successfully changed project path to: C:/Users/pesen/OneDrive/Desktop/EndlessRunnerSeries-master/EndlessRunnerYoutube
C:/Users/pesen/OneDrive/Desktop/EndlessRunnerSeries-master/EndlessRunnerYoutube
Using Asset Import Pipeline V2.
Refreshing native plugins compatible for Editor in 82.15 ms, found 2 plugins.
Preloading 0 native plugins for Editor in 0.00 ms.
Initialize engine version: 2020.3.20f1 (41c4e627c95f)
[Subsystems] Discovering subsystems at path C:/Program Files/Unity/Hub/Editor/2020.3.20f1/Editor/Data/Resources/UnitySubsystems
[Subsystems] Discovering subsystems at path C:/Users/pesen/OneDrive/Desktop/EndlessRunnerSeries-master/EndlessRunnerYoutube/Assets
GfxDevice: creating device client; threaded=0
Direct3D:
    Version:  Direct3D 11.0 [level 11.0]
    Renderer: NVIDIA GeForce 920MX (ID=0x134f)
    Vendor:   
    VRAM:     2020 MB
    Driver:   22.21.13.8264
Initialize mono
Mono path[0] = 'C:/Program Files/Unity/Hub/Editor/2020.3.20f1/Editor/Data/Managed'
Mono path[1] = 'C:/Program Files/Unity/Hub/Editor/2020.3.20f1/Editor/Data/MonoBleedingEdge/lib/mono/unityjit'
Mono config path = 'C:/Program Files/Unity/Hub/Editor/2020.3.20f1/Editor/Data/MonoBleedingEdge/etc'
Using monoOptions --debugger-agent=transport=dt_socket,embedding=1,server=y,suspend=n,address=127.0.0.1:56236
Begin MonoManager ReloadAssembly
Registering precompiled unity dll's ...
Register platform support module: C:/Program Files/Unity/Hub/Editor/2020.3.20f1/Editor/Data/PlaybackEngines/WindowsStandaloneSupport/UnityEditor.WindowsStandalone.Extensions.dll
Registered in 0.002759 seconds.
Native extension for WindowsStandalone target not found
Refreshing native plugins compatible for Editor in 63.84 ms, found 2 plugins.
Preloading 0 native plugins for Editor in 0.00 ms.
Mono: successfully reloaded assembly
- Completed reload, in  3.029 seconds
Domain Reload Profiling:
	ReloadAssembly (3029ms)
		BeginReloadAssembly (76ms)
			ExecutionOrderSort (0ms)
			DisableScriptedObjects (0ms)
			BackupInstance (0ms)
			ReleaseScriptingObjects (0ms)
			CreateAndSetChildDomain (1ms)
		EndReloadAssembly (537ms)
			LoadAssemblies (72ms)
			RebuildTransferFunctionScriptingTraits (0ms)
			SetupTypeCache (199ms)
			ReleaseScriptCaches (0ms)
			RebuildScriptCaches (41ms)
			SetupLoadedEditorAssemblies (216ms)
				LogAssemblyErrors (0ms)
				InitializePlatformSupportModulesInManaged (5ms)
				SetLoadedEditorAssemblies (0ms)
				RefreshPlugins (64ms)
				BeforeProcessingInitializeOnLoad (11ms)
				ProcessInitializeOnLoadAttributes (100ms)
				ProcessInitializeOnLoadMethodAttributes (35ms)
				AfterProcessingInitializeOnLoad (0ms)
				EditorAssembliesLoaded (0ms)
			ExecutionOrderSort2 (0ms)
			AwakeInstancesAfterBackupRestoration (0ms)
Platform modules already initialized, skipping
Registering precompiled user dll's ...
Registered in 0.006465 seconds.
Begin MonoManager ReloadAssembly
Native extension for WindowsStandalone target not found
Refreshing native plugins compatible for Editor in 0.80 ms, found 2 plugins.
Preloading 0 native plugins for Editor in 0.00 ms.
Mono: successfully reloaded assembly
- Completed reload, in  2.111 seconds
Domain Reload Profiling:
	ReloadAssembly (2112ms)
		BeginReloadAssembly (194ms)
			ExecutionOrderSort (0ms)
			DisableScriptedObjects (5ms)
			BackupInstance (0ms)
			ReleaseScriptingObjects (0ms)
			CreateAndSetChildDomain (22ms)
		EndReloadAssembly (1830ms)
			LoadAssemblies (129ms)
			RebuildTransferFunctionScriptingTraits (0ms)
			SetupTypeCache (372ms)
			ReleaseScriptCaches (0ms)
			RebuildScriptCaches (57ms)
			SetupLoadedEditorAssemblies (1161ms)
				LogAssemblyErrors (0ms)
				InitializePlatformSupportModulesInManaged (8ms)
				SetLoadedEditorAssemblies (1ms)
				RefreshPlugins (1ms)
				BeforeProcessingInitializeOnLoad (96ms)
				ProcessInitializeOnLoadAttributes (991ms)
				ProcessInitializeOnLoadMethodAttributes (53ms)
				AfterProcessingInitializeOnLoad (10ms)
				EditorAssembliesLoaded (0ms)
			ExecutionOrderSort2 (0ms)
			AwakeInstancesAfterBackupRestoration (9ms)
Platform modules already initialized, skipping
========================================================================
Worker process is ready to serve import requests
Launched and connected shader compiler UnityShaderCompiler.exe after 0.23 seconds
Refreshing native plugins compatible for Editor in 1.14 ms, found 2 plugins.
Preloading 0 native plugins for Editor in 0.00 ms.
Unloading 1975 Unused Serialized files (Serialized files now loaded: 0)
System memory in use before: 81.7 MB.
System memory in use after: 81.8 MB.

Unloading 56 unused Assets to reduce memory usage. Loaded Objects now: 2379.
Total: 7.334800 ms (FindLiveObjects: 0.210900 ms CreateObjectMapping: 0.077400 ms MarkObjects: 6.938600 ms  DeleteObjects: 0.106500 ms)

AssetImportParameters requested are different than current active one (requested -> active):
  custom:framework-win-MediaFoundation: 216162199b28c13a410421893ffa2e32 -> 
  custom:video-decoder-ogg-theora: a1e56fd34408186e4bbccfd4996cb3dc -> 
  custom:container-muxer-webm: aa71ff27fc2769a1b78a27578f13a17b -> 
  custom:container-demuxer-webm: 4f35f7cbe854078d1ac9338744f61a02 -> 
  custom:container-demuxer-ogg: 62fdf1f143b41e24485cea50d1cbac27 -> 
  custom:video-encoder-webm-vp8: eb34c28f22e8b96e1ab97ce403110664 -> 
  custom:video-decoder-webm-vp8: 9c59270c3fd7afecdb556c50c9e8de78 -> 
  custom:audio-decoder-ogg-vorbis: bf7c407c2cedff20999df2af8eb42d56 -> 
  custom:audio-encoder-webm-vorbis: bf7c407c2cedff20999df2af8eb42d56 -> 
========================================================================
Received Import Request.
  path: Assets/Scripts/Background.cs
  artifactKey: Guid(01993d00f2d9d874da6f2a54496ff33b) Importer(815301076,1909f56bfc062723c751e8b465ee728b)
Start importing Assets/Scripts/Background.cs using Guid(01993d00f2d9d874da6f2a54496ff33b) Importer(815301076,1909f56bfc062723c751e8b465ee728b)  -> (artifact id: '0a2bc7d28d7f77a42562c4b0e5c57246') in 0.061306 seconds 
  Import took 0.065227 seconds .

========================================================================
Received Import Request.
  Time since last request: 0.000305 seconds.
  path: Assets/Sprites/Environment.psd
  artifactKey: Guid(89815515b0996a14384e425d36ef58c4) Importer(815301076,1909f56bfc062723c751e8b465ee728b)
Start importing Assets/Sprites/Environment.psd using Guid(89815515b0996a14384e425d36ef58c4) Importer(815301076,1909f56bfc062723c751e8b465ee728b)  -> (artifact id: 'f39527d627b2c6d24809541124ba574a') in 0.189571 seconds 
  Import took 0.193235 seconds .

========================================================================
Received Import Request.
  Time since last request: 0.000377 seconds.
  path: Assets/Sprites/Obstacle.psd
  artifactKey: Guid(2446aaae1565e084390353bb81788d12) Importer(815301076,1909f56bfc062723c751e8b465ee728b)
Start importing Assets/Sprites/Obstacle.psd using Guid(2446aaae1565e084390353bb81788d12) Importer(815301076,1909f56bfc062723c751e8b465ee728b)  -> (artifact id: '59cb1b30cc2d45ce38134960ab0672c5') in 0.026152 seconds 
  Import took 0.029538 seconds .

========================================================================
Received Import Request.
  Time since last request: 0.000386 seconds.
  path: Assets/Sprites/Particle.psd
  artifactKey: Guid(e80d7839d88044547889504e8ef26255) Importer(815301076,1909f56bfc062723c751e8b465ee728b)
Start importing Assets/Sprites/Particle.psd using Guid(e80d7839d88044547889504e8ef26255) Importer(815301076,1909f56bfc062723c751e8b465ee728b)  -> (artifact id: 'e8b903cb015a10043b56944f8e86458b') in 0.023866 seconds 
  Import took 0.027572 seconds .

========================================================================
Received Import Request.
  Time since last request: 0.000662 seconds.
  path: Assets/Sprites/Ghost.psd
  artifactKey: Guid(fcef02b088ce6724ca0f85da06c6801e) Importer(815301076,1909f56bfc062723c751e8b465ee728b)
Start importing Assets/Sprites/Ghost.psd using Guid(fcef02b088ce6724ca0f85da06c6801e) Importer(815301076,1909f56bfc062723c751e8b465ee728b)  -> (artifact id: '1c7ce8f1a72a97c67f6471102058907b') in 0.041964 seconds 
  Import took 0.046119 seconds .

========================================================================
Received Import Request.
  Time since last request: 0.000334 seconds.
  path: Assets/Scripts
  artifactKey: Guid(f962f95b0eb3d5c4d80bd565833785fb) Importer(815301076,1909f56bfc062723c751e8b465ee728b)
Start importing Assets/Scripts using Guid(f962f95b0eb3d5c4d80bd565833785fb) Importer(815301076,1909f56bfc062723c751e8b465ee728b)  -> (artifact id: '3690ca93a427581c663cb19c7312bbb5') in 0.003107 seconds 
  Import took 0.006916 seconds .

========================================================================
Received Import Request.
  Time since last request: 10.372959 seconds.
  path: Assets/Scenes/Game.unity
  artifactKey: Guid(2cda990e2423bbf4892e6590ba056729) Importer(815301076,1909f56bfc062723c751e8b465ee728b)
Start importing Assets/Scenes/Game.unity using Guid(2cda990e2423bbf4892e6590ba056729) Importer(815301076,1909f56bfc062723c751e8b465ee728b)  -> (artifact id: '9fc7972c3fb8be0f9e3dbf04918fea7b') in 0.004559 seconds 
  Import took 0.009163 seconds .

========================================================================
Received Prepare
Registering precompiled user dll's ...
Registered in 0.018660 seconds.
Begin MonoManager ReloadAssembly
Native extension for WindowsStandalone target not found
Refreshing native plugins compatible for Editor in 1.97 ms, found 2 plugins.
Preloading 0 native plugins for Editor in 0.00 ms.
Mono: successfully reloaded assembly
- Completed reload, in  2.786 seconds
Domain Reload Profiling:
	ReloadAssembly (2787ms)
		BeginReloadAssembly (327ms)
			ExecutionOrderSort (0ms)
			DisableScriptedObjects (15ms)
			BackupInstance (0ms)
			ReleaseScriptingObjects (0ms)
			CreateAndSetChildDomain (100ms)
		EndReloadAssembly (2321ms)
			LoadAssemblies (249ms)
			RebuildTransferFunctionScriptingTraits (0ms)
			SetupTypeCache (776ms)
			ReleaseScriptCaches (2ms)
			RebuildScriptCaches (86ms)
			SetupLoadedEditorAssemblies (1016ms)
				LogAssemblyErrors (0ms)
				InitializePlatformSupportModulesInManaged (11ms)
				SetLoadedEditorAssemblies (1ms)
				RefreshPlugins (2ms)
				BeforeProcessingInitializeOnLoad (153ms)
				ProcessInitializeOnLoadAttributes (733ms)
				ProcessInitializeOnLoadMethodAttributes (100ms)
				AfterProcessingInitializeOnLoad (15ms)
				EditorAssembliesLoaded (1ms)
			ExecutionOrderSort2 (0ms)
			AwakeInstancesAfterBackupRestoration (15ms)
Platform modules already initialized, skipping
Refreshing native plugins compatible for Editor in 3.66 ms, found 2 plugins.
Preloading 0 native plugins for Editor in 0.00 ms.
Unloading 1969 Unused Serialized files (Serialized files now loaded: 0)
System memory in use before: 84.5 MB.
System memory in use after: 84.6 MB.

Unloading 47 unused Assets to reduce memory usage. Loaded Objects now: 2393.
Total: 66.219200 ms (FindLiveObjects: 1.272000 ms CreateObjectMapping: 0.844900 ms MarkObjects: 63.858700 ms  DeleteObjects: 0.241100 ms)

AssetImportParameters requested are different than current active one (requested -> active):
  custom:framework-win-MediaFoundation: 216162199b28c13a410421893ffa2e32 -> 
  custom:video-decoder-ogg-theora: a1e56fd34408186e4bbccfd4996cb3dc -> 
  custom:container-muxer-webm: aa71ff27fc2769a1b78a27578f13a17b -> 
  custom:container-demuxer-webm: 4f35f7cbe854078d1ac9338744f61a02 -> 
  custom:container-demuxer-ogg: 62fdf1f143b41e24485cea50d1cbac27 -> 
  custom:video-encoder-webm-vp8: eb34c28f22e8b96e1ab97ce403110664 -> 
  custom:video-decoder-webm-vp8: 9c59270c3fd7afecdb556c50c9e8de78 -> 
  custom:audio-decoder-ogg-vorbis: bf7c407c2cedff20999df2af8eb42d56 -> 
  custom:audio-encoder-webm-vorbis: bf7c407c2cedff20999df2af8eb42d56 -> 
========================================================================
Received Import Request.
  Time since last request: 148.615496 seconds.
  path: Assets/Scripts/Destroyer.cs
  artifactKey: Guid(5d2bfe8035dd9064b8c1f1e6b7e6c691) Importer(815301076,1909f56bfc062723c751e8b465ee728b)
Start importing Assets/Scripts/Destroyer.cs using Guid(5d2bfe8035dd9064b8c1f1e6b7e6c691) Importer(815301076,1909f56bfc062723c751e8b465ee728b)  -> (artifact id: '6f23b1ef5653a2ed070ddcb8ce6cb311') in 0.010591 seconds 
  Import took 0.017139 seconds .

========================================================================
Received Import Request.
  Time since last request: 5.169477 seconds.
  path: Assets/Scripts/Obstacle.cs
  artifactKey: Guid(00f8a9d1224df3443971291524bce728) Importer(815301076,1909f56bfc062723c751e8b465ee728b)
Start importing Assets/Scripts/Obstacle.cs using Guid(00f8a9d1224df3443971291524bce728) Importer(815301076,1909f56bfc062723c751e8b465ee728b)  -> (artifact id: '30d43d8e22bbfc0201be283d9d8774b7') in 0.004014 seconds 
  Import took 0.008339 seconds .

========================================================================
Received Import Request.
  Time since last request: 14.169023 seconds.
  path: Assets/Scripts/ObstacleSpawn.cs
  artifactKey: Guid(7237bce9dacbb5248a26392c22da86c2) Importer(815301076,1909f56bfc062723c751e8b465ee728b)
Start importing Assets/Scripts/ObstacleSpawn.cs using Guid(7237bce9dacbb5248a26392c22da86c2) Importer(815301076,1909f56bfc062723c751e8b465ee728b)  -> (artifact id: '45a2ee1fbf4dcbeb0f67b8d83192eefe') in 0.004401 seconds 
  Import took 0.009381 seconds .

========================================================================
Received Import Request.
  Time since last request: 11.405818 seconds.
  path: Assets/Scripts/Score.cs
  artifactKey: Guid(41bdf5f7c5cc3de4c84fe0c53271ce5b) Importer(815301076,1909f56bfc062723c751e8b465ee728b)
Start importing Assets/Scripts/Score.cs using Guid(41bdf5f7c5cc3de4c84fe0c53271ce5b) Importer(815301076,1909f56bfc062723c751e8b465ee728b)  -> (artifact id: 'e0abe35f38d92e048d3e887efcf18011') in 0.005398 seconds 
  Import took 0.011140 seconds .

========================================================================
Received Import Request.
  Time since last request: 3.004186 seconds.
  path: Assets/Scripts/Spawner.cs
  artifactKey: Guid(a57bde8976971564fb942420bf7e0099) Importer(815301076,1909f56bfc062723c751e8b465ee728b)
Start importing Assets/Scripts/Spawner.cs using Guid(a57bde8976971564fb942420bf7e0099) Importer(815301076,1909f56bfc062723c751e8b465ee728b)  -> (artifact id: '2c1ac1ef7bc02b260bcb653ddff06eb7') in 0.004275 seconds 
  Import took 0.008937 seconds .

========================================================================
Received Import Request.
  Time since last request: 489.784961 seconds.
  path: Assets/Scripts/Player.cs
  artifactKey: Guid(8402dd77dfe0dba47ab38bc30248a5ed) Importer(815301076,1909f56bfc062723c751e8b465ee728b)
Start importing Assets/Scripts/Player.cs using Guid(8402dd77dfe0dba47ab38bc30248a5ed) Importer(815301076,1909f56bfc062723c751e8b465ee728b)  -> (artifact id: '461aaa1ec39649ceebf85e50a748666f') in 0.004492 seconds 
  Import took 0.014292 seconds .

